2106-09-06 19:59:14 DEBUG: READ IN LENGTH = 400
2106-09-06 19:59:14 DEBUG: READ IN LENGTH = 362
2106-09-06 19:59:14 DEBUG: READ IN LENGTH = 1024
2106-09-06 19:59:14 DEBUG: READ IN LENGTH = 184
2106-09-06 20:02:51 INFO: READ IN LENGTH = GET / HTTP/1.1
Host: 10.46.52.24:8000
Connection: keep-alive
Cache-Control: max-age=0
Upgrade-Insecure-Requests: 1
User-Agent: Mozilla/5.0 (Windows NT 6.1; WOW64) AppleWebKit/537.36 (KHTML, like Gecko) Chrome/51.0.2704.106 Safari/537.36
Accept: text/html,application/xhtml+xml,application/xml;q=0.9,image/webp,*/*;q=0.8
Accept-Encoding: gzip, deflate, sdch
Accept-Language: zh-CN,zh;q=0.8


2106-09-06 20:02:51 INFO: READ IN LENGTH = GET /favicon.ico HTTP/1.1
Host: 10.46.52.24:8000
Connection: keep-alive
Pragma: no-cache
Cache-Control: no-cache
User-Agent: Mozilla/5.0 (Windows NT 6.1; WOW64) AppleWebKit/537.36 (KHTML, like Gecko) Chrome/51.0.2704.106 Safari/537.36
Accept: */*
Referer: http://10.46.52.24:8000/
Accept-Encoding: gzip, deflate, sdch
Accept-Language: zh-CN,zh;q=0.8


2106-09-06 20:04:32 INFO: READ IN LENGTH = 400
2106-09-06 20:04:32 INFO: READ IN LENGTH = 362
2106-09-06 20:13:14 INFO: READ IN LENGTH = 400
2106-09-06 20:13:14 INFO: READ IN LENGTH = 362
2106-09-06 20:13:18 INFO: READ IN LENGTH = 400
2106-09-06 20:13:18 INFO: READ IN LENGTH = 362
2106-09-06 20:13:19 INFO: READ IN LENGTH = 400
2106-09-06 20:13:19 INFO: READ IN LENGTH = 362
2106-09-06 20:13:20 INFO: READ IN LENGTH = 400
2106-09-06 20:13:20 INFO: READ IN LENGTH = 362
